{"/Users/sofisa/Documents/GitHub/react-certification-2020/src/components/Header/Header.tsx": {"path":"/Users/sofisa/Documents/GitHub/react-certification-2020/src/components/Header/Header.tsx","statementMap":{"0":{"start":{"line":12,"column":19},"end":{"line":14,"column":1}},"1":{"start":{"line":16,"column":18},"end":{"line":24,"column":1}},"2":{"start":{"line":26,"column":20},"end":{"line":29,"column":1}},"3":{"start":{"line":32,"column":36},"end":{"line":32,"column":60}},"4":{"start":{"line":34,"column":23},"end":{"line":37,"column":3}},"5":{"start":{"line":35,"column":4},"end":{"line":35,"column":27}},"6":{"start":{"line":36,"column":4},"end":{"line":36,"column":39}},"7":{"start":{"line":39,"column":2},"end":{"line":77,"column":4}}},"fnMap":{"0":{"name":"Header","decl":{"start":{"line":31,"column":9},"end":{"line":31,"column":15}},"loc":{"start":{"line":31,"column":31},"end":{"line":78,"column":1}},"line":31},"1":{"name":"(anonymous_1)","decl":{"start":{"line":34,"column":23},"end":{"line":34,"column":24}},"loc":{"start":{"line":34,"column":71},"end":{"line":37,"column":3}},"line":34}},"branchMap":{},"s":{"0":1,"1":1,"2":1,"3":2,"4":2,"5":0,"6":0,"7":2},"f":{"0":2,"1":0},"b":{},"_coverageSchema":"1a1c01bbd47fc00a2c39e90264f33305004495a9","hash":"8c07d364c606d5be50ffd9d8aad69ec8d4cc84de"}
,"/Users/sofisa/Documents/GitHub/react-certification-2020/src/components/Header/components/SearchBox/SearchBox.tsx": {"path":"/Users/sofisa/Documents/GitHub/react-certification-2020/src/components/Header/components/SearchBox/SearchBox.tsx","statementMap":{"0":{"start":{"line":6,"column":15},"end":{"line":20,"column":1}},"1":{"start":{"line":22,"column":24},"end":{"line":30,"column":1}},"2":{"start":{"line":32,"column":19},"end":{"line":36,"column":1}},"3":{"start":{"line":38,"column":19},"end":{"line":40,"column":1}},"4":{"start":{"line":43,"column":2},"end":{"line":53,"column":4}}},"fnMap":{"0":{"name":"SearchBox","decl":{"start":{"line":42,"column":9},"end":{"line":42,"column":18}},"loc":{"start":{"line":42,"column":34},"end":{"line":54,"column":1}},"line":42}},"branchMap":{},"s":{"0":2,"1":2,"2":2,"3":2,"4":3},"f":{"0":3},"b":{},"_coverageSchema":"1a1c01bbd47fc00a2c39e90264f33305004495a9","hash":"077b95f6f6c821caac456e0a4c1ea5175cc51031"}
}
