{"/Users/sofisa/Documents/GitHub/react-certification-2020/src/App.tsx": {"path":"/Users/sofisa/Documents/GitHub/react-certification-2020/src/App.tsx","statementMap":{"0":{"start":{"line":6,"column":2},"end":{"line":11,"column":4}}},"fnMap":{"0":{"name":"App","decl":{"start":{"line":5,"column":9},"end":{"line":5,"column":12}},"loc":{"start":{"line":5,"column":28},"end":{"line":12,"column":1}},"line":5}},"branchMap":{},"s":{"0":1},"f":{"0":1},"b":{},"_coverageSchema":"1a1c01bbd47fc00a2c39e90264f33305004495a9","hash":"223de8b9b08f73e42ed4f13ccdb5e30e873c21d5"}
,"/Users/sofisa/Documents/GitHub/react-certification-2020/src/components/Card/Card.tsx": {"path":"/Users/sofisa/Documents/GitHub/react-certification-2020/src/components/Card/Card.tsx","statementMap":{"0":{"start":{"line":9,"column":17},"end":{"line":12,"column":1}},"1":{"start":{"line":14,"column":22},"end":{"line":16,"column":1}},"2":{"start":{"line":25,"column":45},"end":{"line":25,"column":50}},"3":{"start":{"line":27,"column":2},"end":{"line":44,"column":4}}},"fnMap":{"0":{"name":"MediaCard","decl":{"start":{"line":24,"column":9},"end":{"line":24,"column":18}},"loc":{"start":{"line":24,"column":55},"end":{"line":45,"column":1}},"line":24}},"branchMap":{},"s":{"0":1,"1":1,"2":25,"3":25},"f":{"0":25},"b":{},"_coverageSchema":"1a1c01bbd47fc00a2c39e90264f33305004495a9","hash":"efe1a0000f17906a8c3749b70b639db96af201bc"}
,"/Users/sofisa/Documents/GitHub/react-certification-2020/src/components/Header/Header.tsx": {"path":"/Users/sofisa/Documents/GitHub/react-certification-2020/src/components/Header/Header.tsx","statementMap":{"0":{"start":{"line":11,"column":19},"end":{"line":13,"column":1}},"1":{"start":{"line":15,"column":21},"end":{"line":17,"column":1}},"2":{"start":{"line":19,"column":26},"end":{"line":24,"column":1}},"3":{"start":{"line":26,"column":18},"end":{"line":33,"column":1}},"4":{"start":{"line":35,"column":20},"end":{"line":38,"column":1}},"5":{"start":{"line":41,"column":36},"end":{"line":41,"column":60}},"6":{"start":{"line":43,"column":23},"end":{"line":45,"column":3}},"7":{"start":{"line":44,"column":4},"end":{"line":44,"column":39}},"8":{"start":{"line":47,"column":2},"end":{"line":82,"column":4}}},"fnMap":{"0":{"name":"Header","decl":{"start":{"line":40,"column":9},"end":{"line":40,"column":15}},"loc":{"start":{"line":40,"column":31},"end":{"line":83,"column":1}},"line":40},"1":{"name":"(anonymous_1)","decl":{"start":{"line":43,"column":23},"end":{"line":43,"column":24}},"loc":{"start":{"line":43,"column":71},"end":{"line":45,"column":3}},"line":43}},"branchMap":{},"s":{"0":1,"1":1,"2":1,"3":1,"4":1,"5":1,"6":1,"7":0,"8":1},"f":{"0":1,"1":0},"b":{},"_coverageSchema":"1a1c01bbd47fc00a2c39e90264f33305004495a9","hash":"e6c8214e9bd28fb7c01611695775bf94ef610754"}
,"/Users/sofisa/Documents/GitHub/react-certification-2020/src/components/Header/components/SearchBox/SearchBox.tsx": {"path":"/Users/sofisa/Documents/GitHub/react-certification-2020/src/components/Header/components/SearchBox/SearchBox.tsx","statementMap":{"0":{"start":{"line":6,"column":15},"end":{"line":20,"column":1}},"1":{"start":{"line":22,"column":24},"end":{"line":30,"column":1}},"2":{"start":{"line":32,"column":19},"end":{"line":36,"column":1}},"3":{"start":{"line":38,"column":19},"end":{"line":40,"column":1}},"4":{"start":{"line":43,"column":2},"end":{"line":53,"column":4}}},"fnMap":{"0":{"name":"SearchBox","decl":{"start":{"line":42,"column":9},"end":{"line":42,"column":18}},"loc":{"start":{"line":42,"column":34},"end":{"line":54,"column":1}},"line":42}},"branchMap":{},"s":{"0":1,"1":1,"2":1,"3":1,"4":1},"f":{"0":1},"b":{},"_coverageSchema":"1a1c01bbd47fc00a2c39e90264f33305004495a9","hash":"077b95f6f6c821caac456e0a4c1ea5175cc51031"}
,"/Users/sofisa/Documents/GitHub/react-certification-2020/src/components/HomeView/HomeView.tsx": {"path":"/Users/sofisa/Documents/GitHub/react-certification-2020/src/components/HomeView/HomeView.tsx","statementMap":{"0":{"start":{"line":6,"column":22},"end":{"line":12,"column":1}},"1":{"start":{"line":15,"column":31},"end":{"line":15,"column":33}},"2":{"start":{"line":17,"column":2},"end":{"line":26,"column":3}},"3":{"start":{"line":18,"column":4},"end":{"line":25,"column":6}},"4":{"start":{"line":28,"column":2},"end":{"line":32,"column":4}}},"fnMap":{"0":{"name":"HomeView","decl":{"start":{"line":14,"column":9},"end":{"line":14,"column":17}},"loc":{"start":{"line":14,"column":33},"end":{"line":33,"column":1}},"line":14}},"branchMap":{},"s":{"0":1,"1":1,"2":1,"3":25,"4":1},"f":{"0":1},"b":{},"_coverageSchema":"1a1c01bbd47fc00a2c39e90264f33305004495a9","hash":"278bde6a648b43c0f7f07cb0b874d29eef04ed0f"}
}
