TN:
SF:src/components/Card/Card.tsx
FN:28,MediaCard
FNF:1
FNH:1
FNDA:2,MediaCard
DA:11,1
DA:17,1
DA:29,2
DA:30,2
DA:31,2
DA:35,2
LF:6
LH:6
BRDA:31,0,0,0
BRDA:31,0,1,2
BRF:2
BRH:1
end_of_record
TN:
SF:src/components/FavoritesView/addToFavorites.tsx
FN:15,reducer
FNF:1
FNH:1
FNDA:4,reducer
DA:7,4
DA:16,4
DA:17,4
DA:19,0
DA:25,0
DA:31,4
DA:36,0
DA:39,0
LF:8
LH:4
BRDA:16,0,0,0
BRDA:16,0,1,4
BRDA:17,1,0,0
BRDA:17,1,1,0
BRDA:17,1,2,4
BRDA:17,1,3,0
BRDA:17,1,4,0
BRDA:21,2,0,0
BRDA:21,2,1,0
BRF:9
BRH:2
end_of_record
TN:
SF:src/components/Header/Header.tsx
FN:51,(anonymous_0)
FN:65,Header
FN:71,(anonymous_2)
FN:76,onClick
FN:81,onClickFav
FN:88,(anonymous_5)
FN:92,(anonymous_6)
FN:96,doOpenLogin
FN:101,logOut
FN:115,(anonymous_9)
FN:138,(anonymous_10)
FNF:11
FNH:2
FNDA:2,(anonymous_0)
FNDA:3,Header
FNDA:0,(anonymous_2)
FNDA:0,onClick
FNDA:0,onClickFav
FNDA:0,(anonymous_5)
FNDA:0,(anonymous_6)
FNDA:0,doOpenLogin
FNDA:0,logOut
FNDA:0,(anonymous_9)
FNDA:0,(anonymous_10)
DA:27,1
DA:31,1
DA:41,1
DA:50,1
DA:51,2
DA:56,1
DA:61,1
DA:66,3
DA:67,2
DA:68,2
DA:69,2
DA:71,2
DA:72,0
DA:73,0
DA:77,0
DA:78,0
DA:82,0
DA:83,0
DA:86,2
DA:88,2
DA:89,0
DA:92,2
DA:93,0
DA:97,0
DA:98,0
DA:102,0
DA:103,0
DA:104,0
DA:107,0
DA:108,0
DA:109,0
DA:110,0
DA:113,2
DA:115,0
DA:138,0
LF:35
LH:16
BRDA:52,0,0,0
BRDA:52,0,1,2
BRDA:122,1,0,2
BRDA:122,1,1,0
BRDA:162,2,0,0
BRDA:162,2,1,2
BRDA:175,3,0,0
BRDA:175,3,1,2
BRF:8
BRH:4
end_of_record
TN:
SF:src/components/Header/components/SearchBox/SearchBox.tsx
FN:44,SearchBox
FN:50,onChange
FN:54,onKeyPress
FNF:3
FNH:1
FNDA:4,SearchBox
FNDA:0,onChange
FNDA:0,onKeyPress
DA:8,3
DA:24,3
DA:34,3
DA:40,3
DA:45,4
DA:46,4
DA:47,4
DA:48,4
DA:51,0
DA:55,0
DA:56,0
DA:58,0
DA:59,0
DA:64,4
LF:14
LH:9
BRDA:55,0,0,0
BRDA:55,0,1,0
BRDA:58,1,0,0
BRDA:58,1,1,0
BRF:4
BRH:0
end_of_record
TN:
SF:src/components/Login/Login.tsx
FN:29,Login
FN:36,loginIn
FN:51,onLoginClick
FN:55,onChange
FN:72,(anonymous_4)
FN:103,(anonymous_5)
FNF:6
FNH:1
FNDA:2,Login
FNDA:0,loginIn
FNDA:0,onLoginClick
FNDA:0,onChange
FNDA:0,(anonymous_4)
FNDA:0,(anonymous_5)
DA:16,1
DA:20,1
DA:30,2
DA:31,2
DA:32,2
DA:33,2
DA:34,2
DA:37,0
DA:38,0
DA:39,0
DA:40,0
DA:41,0
DA:42,0
DA:43,0
DA:44,0
DA:47,0
DA:52,0
DA:56,0
DA:57,0
DA:59,0
DA:60,0
DA:63,0
DA:64,0
DA:69,2
DA:72,0
DA:103,0
LF:26
LH:8
BRDA:57,0,0,0
BRDA:57,0,1,0
BRDA:81,1,0,2
BRDA:81,1,1,0
BRF:4
BRH:1
end_of_record
TN:
SF:src/components/RelatedVideo/RelatedVideo.tsx
FN:43,RelatedVideo
FNF:1
FNH:1
FNDA:1,RelatedVideo
DA:6,1
DA:13,1
DA:18,1
DA:25,1
DA:33,1
DA:44,1
DA:45,1
DA:47,1
LF:8
LH:8
BRF:0
BRH:0
end_of_record
TN:
SF:src/contexts/GlobalContext.tsx
FN:33,(anonymous_0)
FN:35,(anonymous_1)
FN:42,(anonymous_2)
FN:44,(anonymous_3)
FN:46,(anonymous_4)
FN:50,(anonymous_5)
FN:65,(anonymous_6)
FN:77,(anonymous_7)
FN:91,(anonymous_8)
FNF:9
FNH:4
FNDA:0,(anonymous_0)
FNDA:0,(anonymous_1)
FNDA:0,(anonymous_2)
FNDA:0,(anonymous_3)
FNDA:0,(anonymous_4)
FNDA:12,(anonymous_5)
FNDA:4,(anonymous_6)
FNDA:4,(anonymous_7)
FNDA:8,(anonymous_8)
DA:31,4
DA:33,0
DA:35,0
DA:42,0
DA:44,0
DA:46,0
DA:50,4
DA:51,12
DA:52,11
DA:53,11
DA:60,11
DA:61,11
DA:62,11
DA:64,11
DA:66,4
DA:67,4
DA:68,4
DA:76,11
DA:78,4
DA:79,4
DA:90,11
DA:92,8
DA:97,11
DA:111,11
LF:24
LH:19
BRDA:78,0,0,0
BRDA:78,0,1,4
BRF:2
BRH:1
end_of_record
TN:
SF:src/data/login.api.ts
FN:13,loginApi
FN:14,(anonymous_1)
FN:16,(anonymous_2)
FNF:3
FNH:0
FNDA:0,loginApi
FNDA:0,(anonymous_1)
FNDA:0,(anonymous_2)
DA:7,1
DA:14,0
DA:15,0
DA:17,0
DA:18,0
DA:20,0
LF:6
LH:1
BRDA:17,0,0,0
BRDA:17,0,1,0
BRDA:17,1,0,0
BRDA:17,1,1,0
BRF:4
BRH:0
end_of_record
TN:
SF:src/styles/common.tsx
FNF:0
FNH:0
DA:4,2
LF:1
LH:1
BRF:0
BRH:0
end_of_record
TN:
SF:src/utils/constants.ts
FNF:0
FNH:0
DA:1,4
DA:2,4
DA:3,4
LF:3
LH:3
BRF:0
BRH:0
end_of_record
TN:
SF:src/utils/storage.ts
FN:2,(anonymous_0)
FN:13,(anonymous_1)
FNF:2
FNH:2
FNDA:12,(anonymous_0)
FNDA:8,(anonymous_1)
DA:1,4
DA:3,12
DA:4,12
DA:5,12
DA:8,0
DA:9,0
DA:14,8
LF:7
LH:5
BRDA:5,0,0,1
BRDA:5,0,1,11
BRF:2
BRH:2
end_of_record
