TN:
SF:src/components/Card/Card.tsx
FN:26,MediaCard
FNF:1
FNH:1
FNDA:3,MediaCard
DA:10,1
DA:15,1
DA:27,3
DA:28,3
DA:30,3
LF:5
LH:5
BRF:0
BRH:0
end_of_record
TN:
SF:src/components/Header/Header.tsx
FN:31,Header
FN:34,(anonymous_1)
FNF:2
FNH:1
FNDA:3,Header
FNDA:0,(anonymous_1)
DA:12,1
DA:16,1
DA:26,1
DA:32,3
DA:34,3
DA:35,0
DA:36,0
DA:39,3
LF:8
LH:6
BRF:0
BRH:0
end_of_record
TN:
SF:src/components/Header/components/SearchBox/SearchBox.tsx
FN:44,SearchBox
FN:50,onChange
FN:54,onKeyPress
FNF:3
FNH:1
FNDA:5,SearchBox
FNDA:0,onChange
FNDA:0,onKeyPress
DA:8,2
DA:24,2
DA:34,2
DA:40,2
DA:45,5
DA:46,5
DA:47,5
DA:48,5
DA:51,0
DA:55,0
DA:56,0
DA:58,0
DA:59,0
DA:64,5
LF:14
LH:9
BRDA:55,0,0,0
BRDA:55,0,1,0
BRDA:58,1,0,0
BRDA:58,1,1,0
BRF:4
BRH:0
end_of_record
TN:
SF:src/components/RelatedVideo/RelatedVideo.tsx
FN:43,RelatedVideo
FNF:1
FNH:1
FNDA:1,RelatedVideo
DA:6,1
DA:13,1
DA:18,1
DA:25,1
DA:33,1
DA:44,1
DA:45,1
DA:47,1
LF:8
LH:8
BRF:0
BRH:0
end_of_record
TN:
SF:src/contexts/SearchContext.tsx
FN:14,(anonymous_0)
FN:18,(anonymous_1)
FNF:2
FNH:0
FNDA:0,(anonymous_0)
FNDA:0,(anonymous_1)
DA:12,2
DA:14,0
DA:18,2
DA:19,0
DA:20,0
DA:25,0
LF:6
LH:2
BRF:0
BRH:0
end_of_record
TN:
SF:src/styles/common.tsx
FNF:0
FNH:0
DA:4,2
LF:1
LH:1
BRF:0
BRH:0
end_of_record
